2019-04-06 11:04:53,548 first_case.py -----> setUp 20:INFO ----------> this is chrome
2019-04-06 11:05:14,443 first_case.py -----> setUp 20:INFO ----------> this is chrome
2019-04-06 11:05:34,931 first_case.py -----> setUp 20:INFO ----------> this is chrome
2019-04-06 11:05:50,813 first_case.py -----> setUp 20:INFO ----------> this is chrome
2019-04-06 11:06:08,825 first_case.py -----> setUp 20:INFO ----------> this is chrome
2019-04-06 11:36:18,392 user_log.py -----> __init__ 20:INFO ----------> info message
2019-04-06 11:36:18,408 user_log.py -----> __init__ 30:WARNING ----------> warn message
2019-04-06 11:36:18,408 user_log.py -----> __init__ 40:ERROR ----------> error message
2019-04-06 11:36:18,408 user_log.py -----> __init__ 50:CRITICAL ----------> critical message
2019-04-06 11:41:57,515 first_case.py -----> setUp 20:INFO ----------> this is chrome
2019-04-06 11:42:02,283 first_case.py -----> setUp 20:INFO ----------> this is chrome
2019-04-06 11:42:06,939 first_case.py -----> setUp 20:INFO ----------> this is chrome
2019-04-06 11:42:19,886 first_case.py -----> setUp 20:INFO ----------> this is chrome
2019-04-06 11:42:28,321 first_case.py -----> setUp 20:INFO ----------> this is chrome
2019-04-06 18:26:57,523 first_case.py -----> setUp 20:INFO ----------> this is chrome
2019-04-06 18:36:16,159 first_case.py -----> setUp 20:INFO ----------> this is chrome
2019-04-06 18:40:15,781 first_case.py -----> setUp 20:INFO ----------> this is chrome
2019-04-06 18:40:31,400 first_case.py -----> setUp 20:INFO ----------> this is chrome
2019-04-06 18:40:47,333 first_case.py -----> setUp 20:INFO ----------> this is chrome
2019-04-06 18:41:04,956 first_case.py -----> setUp 20:INFO ----------> this is chrome
2019-04-06 18:41:20,734 first_case.py -----> setUp 20:INFO ----------> this is chrome
2019-04-06 18:43:17,496 first_case.py -----> setUp 20:INFO ----------> this is chrome
2019-04-06 18:45:04,508 first_case.py -----> setUp 20:INFO ----------> this is chrome
